________________________________________________________________________________
                                                                               
                                                                               
                                POINT BLANK GAME                               
                                                                               
                                                                               
_______________________________ 13.12.2019 02:14 _______________________________
19:25:46 [Error] Npgsql.PostgresException (0x80004005): 42P01: relation "info_cafe_items" does not exist
   at Npgsql.NpgsqlConnector.<>c__DisplayClass161_0.<<ReadMessage>g__ReadMessageLong|0>d.MoveNext()
--- End of stack trace from previous location where exception was thrown ---
   at System.Runtime.ExceptionServices.ExceptionDispatchInfo.Throw()
   at Npgsql.NpgsqlConnector.<>c__DisplayClass161_0.<<ReadMessage>g__ReadMessageLong|0>d.MoveNext()
--- End of stack trace from previous location where exception was thrown ---
   at System.Runtime.ExceptionServices.ExceptionDispatchInfo.Throw()
   at Npgsql.NpgsqlDataReader.<NextResult>d__46.MoveNext()
--- End of stack trace from previous location where exception was thrown ---
   at System.Runtime.ExceptionServices.ExceptionDispatchInfo.Throw()
   at System.Runtime.CompilerServices.TaskAwaiter.HandleNonSuccessAndDebuggerNotification(Task task)
   at Npgsql.NpgsqlDataReader.NextResult()
   at Npgsql.NpgsqlCommand.<ExecuteDbDataReader>d__100.MoveNext()
--- End of stack trace from previous location where exception was thrown ---
   at System.Runtime.ExceptionServices.ExceptionDispatchInfo.Throw()
   at System.Runtime.CompilerServices.TaskAwaiter.HandleNonSuccessAndDebuggerNotification(Task task)
   at Npgsql.NpgsqlCommand.ExecuteDbDataReader(CommandBehavior behavior)
   at Npgsql.NpgsqlCommand.ExecuteReader()
   at PointBlank.Core.Xml.CafeInventoryXml.Load()
19:25:46 [Info] Text Encode: Thai (Windows)
19:25:46 [Info] Mode: Public
19:25:46 [Debug] Active Server. (08.06.20 19:25:46)
