________________________________________________________________________________
                                                                               
                                                                               
                                POINT BLANK GAME                               
                                                                               
                                                                               
_______________________________ 13/12/2562 00:55 _______________________________
10:44:32 [Info] Text Encode: Thai (Windows)
10:44:32 [Info] Mode: Public
10:44:32 [Debug] Active Server. (13/12/62 10:44:32)
10:49:48 [Error] [AllUtils.updateDB1] Npgsql.PostgresException (0x80004005): 42P01: relation "onlines" does not exist
   at Npgsql.NpgsqlConnector.<>c__DisplayClass161_0.<<ReadMessage>g__ReadMessageLong|0>d.MoveNext()
--- End of stack trace from previous location where exception was thrown ---
   at System.Runtime.ExceptionServices.ExceptionDispatchInfo.Throw()
   at Npgsql.NpgsqlConnector.<>c__DisplayClass161_0.<<ReadMessage>g__ReadMessageLong|0>d.MoveNext()
--- End of stack trace from previous location where exception was thrown ---
   at System.Runtime.ExceptionServices.ExceptionDispatchInfo.Throw()
   at Npgsql.NpgsqlDataReader.<NextResult>d__46.MoveNext()
--- End of stack trace from previous location where exception was thrown ---
   at System.Runtime.ExceptionServices.ExceptionDispatchInfo.Throw()
   at System.Runtime.CompilerServices.TaskAwaiter.HandleNonSuccessAndDebuggerNotification(Task task)
   at Npgsql.NpgsqlDataReader.NextResult()
   at Npgsql.NpgsqlCommand.<ExecuteDbDataReader>d__100.MoveNext()
--- End of stack trace from previous location where exception was thrown ---
   at System.Runtime.ExceptionServices.ExceptionDispatchInfo.Throw()
   at System.Runtime.CompilerServices.TaskAwaiter.HandleNonSuccessAndDebuggerNotification(Task task)
   at Npgsql.NpgsqlCommand.<ExecuteNonQuery>d__92.MoveNext()
--- End of stack trace from previous location where exception was thrown ---
   at System.Runtime.ExceptionServices.ExceptionDispatchInfo.Throw()
   at System.Runtime.CompilerServices.TaskAwaiter.HandleNonSuccessAndDebuggerNotification(Task task)
   at Npgsql.NpgsqlCommand.ExecuteNonQuery()
   at PointBlank.Core.Network.ComDiv.updateDB(String TABELA, String COLUNA, Object VALOR)
