________________________________________________________________________________
                                                                               
                                                                               
                               POINT BLANK BATTLE                              
                                                                               
                                                                               
_______________________________ 08.06.2020 00:27 _______________________________
22:35:57 [Info] Server active at 54.39.81.71:41009
22:35:57 [Info] Synchronize infos to server: True
22:35:57 [Info] Drops Limit: 25
22:35:57 [Info] Ammo Limit: False
22:35:57 [Info] Duration C4: (5.5s/6.5s)
22:35:57 [Info] Loaded: 60 maps
22:35:57 [Info] Loaded: 115 charas information
22:35:57 [Info] Loaded: 20 melee exceptions
22:35:59 [Debug] Active Server. (09.06.20 22:35:59)
23:06:08 [Warning] Fire Obj: 6 Map: Junkyard Invalid Object.
23:06:08 [Warning] Player Position X: -2.923828 Y: 0.07025146 Z: 15.67969
23:06:08 [Warning] End Bullet Position X: -2.921875 Y: 1.568359 Z: 15.6875
23:06:52 [Warning] Fire Obj: 10 Map: Junkyard Invalid Object.
23:06:52 [Warning] Player Position X: 4.953125 Y: 0.07025146 Z: 11.51563
23:06:52 [Warning] End Bullet Position X: 4.9375 Y: 1.567383 Z: 11.50781
23:06:52 [Warning] Fire Obj: 10 Map: Junkyard Invalid Object.
23:06:52 [Warning] Player Position X: 4.953125 Y: 0.07025146 Z: 11.51563
23:06:52 [Warning] End Bullet Position X: 4.9375 Y: 1.567383 Z: 11.50781
23:06:52 [Warning] Fire Obj: 10 Map: Junkyard Invalid Object.
23:06:52 [Warning] Player Position X: 4.953125 Y: 0.07025146 Z: 11.51563
23:06:52 [Warning] End Bullet Position X: 4.9375 Y: 1.567383 Z: 11.50781
23:06:56 [Warning] Fire Obj: 9 Map: Junkyard Invalid Object.
23:06:56 [Warning] Player Position X: -2.773438 Y: 0.1204224 Z: -4.597656
23:06:56 [Warning] End Bullet Position X: -2.767578 Y: 1.62207 Z: -4.609375
23:06:57 [Warning] Fire Obj: 9 Map: Junkyard Invalid Object.
23:06:57 [Warning] Player Position X: -4.65625 Y: 0.07025146 Z: -6.734375
23:06:57 [Warning] End Bullet Position X: -4.652344 Y: 1.572266 Z: -6.738281
23:06:57 [Warning] Fire Obj: 9 Map: Junkyard Invalid Object.
23:06:57 [Warning] Player Position X: -4.945313 Y: 0.07025146 Z: -6.910156
23:06:57 [Warning] End Bullet Position X: -4.945313 Y: 1.572266 Z: -6.914063
23:06:57 [Warning] Fire Obj: 9 Map: Junkyard Invalid Object.
23:06:57 [Warning] Player Position X: -4.945313 Y: 0.07025146 Z: -6.910156
23:06:57 [Warning] End Bullet Position X: -4.945313 Y: 1.572266 Z: -6.914063
23:09:10 [Warning] Boom Obj: 4 Map: Junkyard Invalid Object.
23:09:10 [Warning] Player Position X: -10.01563 Y: 0.07025146 Z: -14.33594
23:09:10 [Warning] End Bullet Position X: -3.304688 Y: 2.195313 Z: 2.566406
23:09:10 [Warning] Boom Obj: 5 Map: Junkyard Invalid Object.
23:09:10 [Warning] Player Position X: -10.01563 Y: 0.07025146 Z: -14.33594
23:09:10 [Warning] End Bullet Position X: -56.0625 Y: 76.1875 Z: -149.375
23:09:44 [Warning] Fire Obj: 4 Map: Junkyard Invalid Object.
23:09:44 [Warning] Player Position X: -12.92188 Y: 0.07025146 Z: -6.972656
23:09:44 [Warning] End Bullet Position X: -12.91406 Y: 1.570313 Z: -6.96875
23:10:10 [Warning] Fire Obj: 1 Map: Junkyard Invalid Object.
23:10:10 [Warning] Player Position X: 3.154297 Y: 0.07025146 Z: -9.03125
23:10:10 [Warning] End Bullet Position X: 3.144531 Y: 1.566406 Z: -9.007813
23:11:54 [Warning] Boom Obj: 3 Map: Junkyard Invalid Object.
23:11:54 [Warning] Player Position X: -13.38281 Y: 0.07025146 Z: -5.960938
23:11:54 [Warning] End Bullet Position X: -15.46875 Y: 1.117188 Z: 12.1875
23:12:46 [Warning] Boom Obj: 0 Map: Junkyard Invalid Object.
23:12:46 [Warning] Player Position X: 2.402344 Y: 0.07025146 Z: -9.445313
23:12:46 [Warning] End Bullet Position X: 4.84375 Y: 0.9262695 Z: -10.08594
