________________________________________________________________________________
                                                                               
                                                                               
                                POINT BLANK AUTH                               
                                                                               
                                                                               
_______________________________ 13.12.2019 02:14 _______________________________
18:26:42 [Info] Text Encode: Western European (Windows)
18:26:42 [Info] Mode: Test
18:26:42 [Debug] Active Server. (08.06.20 18:26:42)
18:27:57 [Debug] Opcode: [514]
18:27:58 [Debug] Opcode: [2562]
18:28:00 [Debug] Opcode: [514]
18:28:01 [Debug] Opcode: [2562]
18:32:38 [Debug] Opcode: [514]
18:32:38 [Debug] Opcode: [2562]
18:32:40 [Debug] Opcode: [514]
18:32:40 [Debug] Opcode: [2562]
18:32:42 [Debug] Opcode: [514]
18:32:43 [Debug] Opcode: [2562]
18:32:45 [Debug] Opcode: [514]
18:34:50 [Debug] Opcode: [514]
18:34:50 [Debug] Opcode: [2562]
18:34:53 [Debug] Opcode: [514]
18:34:53 [Debug] Opcode: [2562]
18:34:54 [Debug] Opcode: [514]
18:34:54 [Debug] Opcode: [2562]
18:34:55 [Debug] Opcode: [514]
18:34:56 [Debug] Opcode: [2562]
18:43:47 [Debug] Opcode: [514]
18:43:50 [Debug] Opcode: [259]
18:43:50 [Debug] Opcode: [1058]
18:44:20 [Debug] Opcode: [662]
18:44:20 [Debug] Opcode: [673]
18:44:20 [Debug] Opcode: [676]
18:44:20 [Debug] Opcode: [691]
18:44:20 [Debug] Opcode: [693]
18:44:20 [Debug] Opcode: [523]
18:44:20 [Debug] Opcode: [529]
18:44:21 [Debug] Opcode: [669]
18:44:21 [Debug] Opcode: [671]
18:44:21 [Debug] Opcode: [671]
18:44:21 [Debug] Opcode: [671]
18:44:21 [Debug] Opcode: [525]
18:44:22 [Debug] Opcode: [527]
18:44:22 [Debug] Opcode: [660]
18:44:22 [Debug] Opcode: [1058]
18:44:22 [Debug] Opcode: [541]
18:44:22 [Debug] Opcode: [541]
18:44:52 [Debug] Opcode: [537]
18:50:00 [Debug] Opcode: [514]
18:50:00 [Debug] Opcode: [2562]
18:50:02 [Debug] Opcode: [514]
18:50:02 [Debug] Opcode: [2562]
18:50:03 [Debug] Opcode: [514]
18:50:03 [Debug] Opcode: [2562]
18:50:05 [Debug] Opcode: [514]
18:50:05 [Debug] Opcode: [2562]
