________________________________________________________________________________
                                                                               
                                                                               
                                POINT BLANK AUTH                               
                                                                               
                                                                               
_______________________________ 13.12.2019 02:14 _______________________________
20:49:07 [Info] Text Encode: Western European (Windows)
20:49:07 [Info] Mode: Test
20:49:07 [Debug] Active Server. (08.06.20 20:49:07)
20:49:16 [Debug] Opcode: [514]
20:49:16 [Debug] Opcode: [259]
20:49:16 [Debug] Opcode: [1058]
20:49:18 [Debug] Opcode: [662]
20:49:18 [Debug] Opcode: [673]
20:49:18 [Debug] Opcode: [676]
20:49:18 [Debug] Opcode: [691]
20:49:18 [Debug] Opcode: [693]
20:49:18 [Debug] Opcode: [523]
20:49:19 [Debug] Opcode: [529]
20:49:19 [Debug] Opcode: [669]
20:49:19 [Debug] Opcode: [671]
20:49:19 [Debug] Opcode: [671]
20:49:19 [Debug] Opcode: [671]
20:49:19 [Debug] Opcode: [525]
20:49:19 [Debug] Opcode: [527]
20:49:19 [Debug] Opcode: [660]
20:49:19 [Debug] Opcode: [1058]
20:49:20 [Debug] Opcode: [541]
20:49:20 [Debug] Opcode: [541]
20:49:30 [Debug] Opcode: [537]
20:55:15 [Debug] Opcode: [514]
20:55:16 [Debug] Opcode: [259]
20:55:16 [Debug] Opcode: [1058]
20:55:16 [Debug] Opcode: [1869]
20:55:20 [Debug] Opcode: [514]
20:55:20 [Debug] Opcode: [259]
20:55:20 [Debug] Opcode: [1058]
20:55:23 [Debug] Opcode: [662]
20:55:23 [Debug] Opcode: [673]
20:55:23 [Debug] Opcode: [676]
20:55:23 [Debug] Opcode: [691]
20:55:23 [Debug] Opcode: [693]
20:55:23 [Debug] Opcode: [523]
20:55:23 [Debug] Opcode: [529]
20:55:23 [Debug] Opcode: [669]
20:55:23 [Debug] Opcode: [525]
20:55:23 [Debug] Opcode: [671]
20:55:23 [Debug] Opcode: [671]
20:55:23 [Debug] Opcode: [671]
20:55:23 [Debug] Opcode: [527]
20:55:23 [Debug] Opcode: [660]
20:55:23 [Debug] Opcode: [1058]
20:55:23 [Debug] Opcode: [541]
20:55:24 [Debug] Opcode: [541]
20:55:27 [Debug] Opcode: [662]
20:55:27 [Debug] Opcode: [673]
20:55:27 [Debug] Opcode: [676]
20:55:27 [Debug] Opcode: [691]
20:55:27 [Debug] Opcode: [693]
20:55:27 [Debug] Opcode: [523]
20:55:27 [Debug] Opcode: [529]
20:55:28 [Debug] Opcode: [525]
20:55:28 [Debug] Opcode: [669]
20:55:28 [Debug] Opcode: [671]
20:55:28 [Debug] Opcode: [671]
20:55:28 [Debug] Opcode: [671]
20:55:29 [Debug] Opcode: [527]
20:55:29 [Debug] Opcode: [660]
20:55:29 [Debug] Opcode: [1058]
20:55:29 [Debug] Opcode: [537]
20:55:30 [Debug] Opcode: [541]
20:55:30 [Debug] Opcode: [541]
20:55:47 [Debug] Opcode: [537]
21:01:39 [Debug] Opcode: [514]
21:01:39 [Debug] Opcode: [259]
21:01:39 [Debug] Opcode: [1058]
21:01:42 [Debug] Opcode: [662]
21:01:42 [Debug] Opcode: [673]
21:01:42 [Debug] Opcode: [676]
21:01:42 [Debug] Opcode: [691]
21:01:42 [Debug] Opcode: [693]
21:01:42 [Debug] Opcode: [523]
21:01:42 [Debug] Opcode: [529]
21:01:42 [Debug] Opcode: [669]
21:01:42 [Debug] Opcode: [525]
21:01:42 [Debug] Opcode: [671]
21:01:42 [Debug] Opcode: [671]
21:01:42 [Debug] Opcode: [671]
21:01:42 [Debug] Opcode: [527]
21:01:42 [Debug] Opcode: [660]
21:01:42 [Debug] Opcode: [1058]
21:01:43 [Debug] Opcode: [541]
21:01:43 [Debug] Opcode: [541]
21:01:45 [Debug] Opcode: [537]
21:02:51 [Debug] Opcode: [514]
21:02:52 [Debug] Opcode: [259]
21:02:52 [Debug] Opcode: [1058]
21:02:53 [Debug] Opcode: [662]
21:02:53 [Debug] Opcode: [673]
21:02:53 [Debug] Opcode: [676]
21:02:53 [Debug] Opcode: [691]
21:02:53 [Debug] Opcode: [693]
21:02:53 [Debug] Opcode: [523]
21:02:54 [Debug] Opcode: [529]
21:02:54 [Debug] Opcode: [525]
21:02:54 [Debug] Opcode: [669]
21:02:54 [Debug] Opcode: [671]
21:02:54 [Debug] Opcode: [671]
21:02:54 [Debug] Opcode: [671]
21:02:54 [Debug] Opcode: [527]
21:02:54 [Debug] Opcode: [660]
21:02:54 [Debug] Opcode: [1058]
21:02:54 [Debug] Opcode: [541]
21:02:54 [Debug] Opcode: [541]
21:03:00 [Debug] Opcode: [537]
21:29:39 [Debug] Opcode: [514]
21:29:41 [Debug] Opcode: [259]
21:29:41 [Debug] Opcode: [1058]
21:29:41 [Debug] Opcode: [1869]
21:29:45 [Debug] Opcode: [662]
21:29:45 [Debug] Opcode: [673]
21:29:45 [Debug] Opcode: [676]
21:29:45 [Debug] Opcode: [691]
21:29:45 [Debug] Opcode: [693]
21:29:45 [Debug] Opcode: [523]
21:29:45 [Debug] Opcode: [529]
21:29:46 [Debug] Opcode: [525]
21:29:46 [Debug] Opcode: [669]
21:29:46 [Debug] Opcode: [671]
21:29:46 [Debug] Opcode: [671]
21:29:46 [Debug] Opcode: [671]
21:29:46 [Debug] Opcode: [527]
21:29:46 [Debug] Opcode: [660]
21:29:46 [Debug] Opcode: [1058]
21:29:46 [Debug] Opcode: [541]
21:29:46 [Debug] Opcode: [541]
21:32:56 [Debug] Opcode: [537]
21:40:45 [Debug] Opcode: [514]
21:40:45 [Debug] Opcode: [259]
21:40:45 [Debug] Opcode: [1058]
21:40:47 [Debug] Opcode: [662]
21:40:47 [Debug] Opcode: [673]
21:40:47 [Debug] Opcode: [676]
21:40:47 [Debug] Opcode: [691]
21:40:47 [Debug] Opcode: [693]
21:40:47 [Debug] Opcode: [523]
21:40:47 [Debug] Opcode: [529]
21:40:48 [Debug] Opcode: [525]
21:40:48 [Debug] Opcode: [669]
21:40:48 [Debug] Opcode: [671]
21:40:48 [Debug] Opcode: [671]
21:40:48 [Debug] Opcode: [671]
21:40:48 [Debug] Opcode: [1058]
21:40:48 [Debug] Opcode: [527]
21:40:48 [Debug] Opcode: [660]
21:40:48 [Debug] Opcode: [541]
21:40:48 [Debug] Opcode: [541]
21:40:59 [Debug] Opcode: [537]
21:55:51 [Debug] Opcode: [514]
21:55:51 [Debug] Opcode: [259]
21:56:46 [Debug] Opcode: [514]
21:56:46 [Debug] Opcode: [259]
21:57:51 [Debug] Opcode: [514]
21:57:51 [Debug] Opcode: [259]
21:58:50 [Debug] Opcode: [514]
21:58:51 [Debug] Opcode: [259]
22:05:38 [Debug] Opcode: [514]
22:05:38 [Debug] Opcode: [259]
22:05:38 [Debug] Opcode: [1058]
22:05:40 [Debug] Opcode: [662]
22:05:40 [Debug] Opcode: [673]
22:05:40 [Debug] Opcode: [676]
22:05:40 [Debug] Opcode: [691]
22:05:40 [Debug] Opcode: [693]
22:05:40 [Debug] Opcode: [523]
22:05:40 [Debug] Opcode: [529]
22:05:40 [Debug] Opcode: [525]
22:05:40 [Debug] Opcode: [669]
22:05:40 [Debug] Opcode: [671]
22:05:40 [Debug] Opcode: [671]
22:05:40 [Debug] Opcode: [671]
22:05:40 [Debug] Opcode: [527]
22:05:40 [Debug] Opcode: [1058]
22:05:40 [Debug] Opcode: [660]
22:05:41 [Debug] Opcode: [541]
22:05:41 [Debug] Opcode: [541]
22:05:43 [Debug] Opcode: [537]
22:10:53 [Debug] Opcode: [514]
22:10:54 [Debug] Opcode: [259]
22:10:54 [Debug] Opcode: [1058]
22:10:56 [Debug] Opcode: [662]
22:10:56 [Debug] Opcode: [673]
22:10:56 [Debug] Opcode: [676]
22:10:56 [Debug] Opcode: [691]
22:10:56 [Debug] Opcode: [693]
22:10:56 [Debug] Opcode: [523]
22:10:56 [Debug] Opcode: [529]
22:10:56 [Debug] Opcode: [669]
22:10:56 [Debug] Opcode: [671]
22:10:56 [Debug] Opcode: [525]
22:10:56 [Debug] Opcode: [671]
22:10:56 [Debug] Opcode: [671]
22:10:57 [Debug] Opcode: [527]
22:10:57 [Debug] Opcode: [660]
22:10:57 [Debug] Opcode: [1058]
22:10:57 [Debug] Opcode: [541]
22:10:57 [Debug] Opcode: [541]
22:11:00 [Debug] Opcode: [537]
22:19:35 [Debug] Opcode: [514]
22:19:36 [Debug] Opcode: [259]
22:24:48 [Debug] Opcode: [514]
22:24:48 [Debug] Opcode: [259]
22:24:48 [Debug] Opcode: [1058]
22:24:56 [Debug] Opcode: [662]
22:24:56 [Debug] Opcode: [673]
22:24:56 [Debug] Opcode: [676]
22:24:56 [Debug] Opcode: [691]
22:24:56 [Debug] Opcode: [693]
22:24:56 [Debug] Opcode: [523]
22:24:57 [Debug] Opcode: [529]
22:24:57 [Debug] Opcode: [525]
22:24:57 [Debug] Opcode: [669]
22:24:57 [Debug] Opcode: [671]
22:24:57 [Debug] Opcode: [671]
22:24:57 [Debug] Opcode: [671]
22:24:57 [Debug] Opcode: [527]
22:24:57 [Debug] Opcode: [660]
22:24:57 [Debug] Opcode: [1058]
22:24:58 [Debug] Opcode: [541]
22:24:58 [Debug] Opcode: [541]
22:25:00 [Debug] Opcode: [537]
22:26:14 [Debug] Opcode: [514]
22:26:15 [Debug] Opcode: [259]
22:26:15 [Debug] Opcode: [1058]
22:26:16 [Debug] Opcode: [662]
22:26:16 [Debug] Opcode: [673]
22:26:16 [Debug] Opcode: [676]
22:26:16 [Debug] Opcode: [691]
22:26:16 [Debug] Opcode: [693]
22:26:16 [Debug] Opcode: [523]
22:26:16 [Debug] Opcode: [529]
22:26:17 [Debug] Opcode: [525]
22:26:17 [Debug] Opcode: [669]
22:26:17 [Debug] Opcode: [671]
22:26:17 [Debug] Opcode: [671]
22:26:17 [Debug] Opcode: [671]
22:26:17 [Debug] Opcode: [527]
22:26:17 [Debug] Opcode: [1058]
22:26:17 [Debug] Opcode: [660]
22:26:17 [Debug] Opcode: [541]
22:26:17 [Debug] Opcode: [541]
22:26:22 [Debug] Opcode: [537]
22:30:38 [Debug] Opcode: [514]
22:30:39 [Debug] Opcode: [259]
22:35:36 [Debug] Opcode: [514]
22:35:38 [Debug] Opcode: [259]
22:35:38 [Debug] Opcode: [1058]
22:35:38 [Debug] Opcode: [1869]
22:35:44 [Debug] Opcode: [662]
22:35:44 [Debug] Opcode: [673]
22:35:44 [Debug] Opcode: [676]
22:35:44 [Debug] Opcode: [691]
22:35:44 [Debug] Opcode: [693]
22:35:44 [Debug] Opcode: [523]
22:35:44 [Debug] Opcode: [529]
22:35:44 [Debug] Opcode: [525]
22:35:44 [Debug] Opcode: [669]
22:35:44 [Debug] Opcode: [671]
22:35:44 [Debug] Opcode: [671]
22:35:44 [Debug] Opcode: [671]
22:35:44 [Debug] Opcode: [527]
22:35:44 [Debug] Opcode: [660]
22:35:45 [Debug] Opcode: [1058]
22:35:45 [Debug] Opcode: [541]
22:35:45 [Debug] Opcode: [541]
22:36:02 [Debug] Opcode: [537]
22:37:49 [Debug] Opcode: [514]
22:37:50 [Debug] Opcode: [259]
22:37:50 [Debug] Opcode: [1058]
22:37:51 [Debug] Opcode: [662]
22:37:51 [Debug] Opcode: [673]
22:37:51 [Debug] Opcode: [676]
22:37:51 [Debug] Opcode: [691]
22:37:51 [Debug] Opcode: [693]
22:37:51 [Debug] Opcode: [523]
22:37:51 [Debug] Opcode: [529]
22:37:52 [Debug] Opcode: [525]
22:37:52 [Debug] Opcode: [669]
22:37:52 [Debug] Opcode: [671]
22:37:52 [Debug] Opcode: [671]
22:37:52 [Debug] Opcode: [671]
22:37:52 [Debug] Opcode: [527]
22:37:52 [Debug] Opcode: [660]
22:37:52 [Debug] Opcode: [1058]
22:37:52 [Debug] Opcode: [541]
22:37:52 [Debug] Opcode: [541]
22:38:00 [Debug] Opcode: [537]
23:01:12 [Debug] Opcode: [514]
23:01:12 [Debug] Opcode: [259]
23:01:12 [Debug] Opcode: [1058]
23:01:12 [Debug] Opcode: [1869]
23:01:15 [Debug] Opcode: [662]
23:01:15 [Debug] Opcode: [673]
23:01:15 [Debug] Opcode: [676]
23:01:15 [Debug] Opcode: [691]
23:01:15 [Debug] Opcode: [693]
23:01:15 [Debug] Opcode: [523]
23:01:15 [Debug] Opcode: [529]
23:01:15 [Debug] Opcode: [525]
23:01:15 [Debug] Opcode: [669]
23:01:15 [Debug] Opcode: [671]
23:01:15 [Debug] Opcode: [671]
23:01:15 [Debug] Opcode: [671]
23:01:15 [Debug] Opcode: [527]
23:01:15 [Debug] Opcode: [660]
23:01:16 [Debug] Opcode: [1058]
23:01:16 [Debug] Opcode: [541]
23:01:16 [Debug] Opcode: [541]
23:01:20 [Debug] Opcode: [537]
23:03:10 [Debug] Opcode: [514]
23:03:10 [Debug] Opcode: [259]
23:03:10 [Debug] Opcode: [1058]
23:03:12 [Debug] Opcode: [662]
23:03:12 [Debug] Opcode: [673]
23:03:12 [Debug] Opcode: [676]
23:03:12 [Debug] Opcode: [691]
23:03:12 [Debug] Opcode: [693]
23:03:12 [Debug] Opcode: [523]
23:03:12 [Debug] Opcode: [529]
23:03:13 [Debug] Opcode: [525]
23:03:13 [Debug] Opcode: [669]
23:03:13 [Debug] Opcode: [671]
23:03:13 [Debug] Opcode: [671]
23:03:13 [Debug] Opcode: [671]
23:03:14 [Debug] Opcode: [527]
23:03:14 [Debug] Opcode: [660]
23:03:14 [Debug] Opcode: [1058]
23:03:14 [Debug] Opcode: [541]
23:03:14 [Debug] Opcode: [541]
23:03:17 [Debug] Opcode: [537]
03:05:30 [Debug] Opcode: [514]
03:05:30 [Debug] Opcode: [259]
11:27:54 [Debug] Opcode: [514]
11:28:03 [Debug] Opcode: [259]
11:28:03 [Debug] Opcode: [1058]
11:28:34 [Debug] Opcode: [662]
11:28:34 [Debug] Opcode: [673]
11:28:34 [Debug] Opcode: [676]
11:28:34 [Debug] Opcode: [691]
11:28:34 [Debug] Opcode: [693]
11:28:34 [Debug] Opcode: [523]
11:28:34 [Debug] Opcode: [529]
11:28:41 [Debug] Opcode: [525]
11:28:41 [Debug] Opcode: [669]
11:28:41 [Debug] Opcode: [671]
11:28:41 [Debug] Opcode: [671]
11:28:41 [Debug] Opcode: [671]
11:28:45 [Debug] Opcode: [527]
11:28:45 [Debug] Opcode: [660]
11:28:45 [Debug] Opcode: [1058]
11:28:45 [Debug] Opcode: [541]
11:28:46 [Debug] Opcode: [541]
11:29:01 [Debug] Opcode: [537]
11:36:33 [Debug] Opcode: [514]
11:36:33 [Debug] Opcode: [259]
11:36:33 [Debug] Opcode: [1058]
11:36:45 [Debug] Opcode: [662]
11:36:45 [Debug] Opcode: [673]
11:36:45 [Debug] Opcode: [676]
11:36:45 [Debug] Opcode: [691]
11:36:45 [Debug] Opcode: [693]
11:36:45 [Debug] Opcode: [523]
11:36:45 [Debug] Opcode: [529]
11:36:45 [Debug] Opcode: [525]
11:36:45 [Debug] Opcode: [669]
11:36:45 [Debug] Opcode: [671]
11:36:45 [Debug] Opcode: [671]
11:36:45 [Debug] Opcode: [671]
11:36:45 [Debug] Opcode: [527]
11:36:45 [Debug] Opcode: [660]
11:36:45 [Debug] Opcode: [1058]
11:36:46 [Debug] Opcode: [541]
11:36:46 [Debug] Opcode: [541]
11:36:53 [Debug] Opcode: [537]
11:37:34 [Debug] Opcode: [514]
11:37:34 [Debug] Opcode: [259]
11:37:34 [Debug] Opcode: [1058]
11:37:38 [Debug] Opcode: [662]
11:37:38 [Debug] Opcode: [673]
11:37:38 [Debug] Opcode: [676]
11:37:38 [Debug] Opcode: [691]
11:37:38 [Debug] Opcode: [693]
11:37:38 [Debug] Opcode: [523]
11:37:38 [Debug] Opcode: [529]
11:37:39 [Debug] Opcode: [525]
11:37:39 [Debug] Opcode: [669]
11:37:39 [Debug] Opcode: [671]
11:37:39 [Debug] Opcode: [671]
11:37:39 [Debug] Opcode: [671]
11:37:39 [Debug] Opcode: [527]
11:37:39 [Debug] Opcode: [660]
11:37:39 [Debug] Opcode: [1058]
11:37:39 [Debug] Opcode: [541]
11:37:39 [Debug] Opcode: [541]
11:37:42 [Debug] Opcode: [537]
11:51:48 [Debug] Opcode: [514]
11:51:48 [Debug] Opcode: [259]
11:51:48 [Debug] Opcode: [1058]
11:51:50 [Debug] Opcode: [662]
11:51:50 [Debug] Opcode: [673]
11:51:50 [Debug] Opcode: [676]
11:51:50 [Debug] Opcode: [691]
11:51:50 [Debug] Opcode: [693]
11:51:50 [Debug] Opcode: [523]
11:51:51 [Debug] Opcode: [529]
11:51:51 [Debug] Opcode: [525]
11:51:51 [Debug] Opcode: [669]
11:51:51 [Debug] Opcode: [671]
11:51:51 [Debug] Opcode: [671]
11:51:51 [Debug] Opcode: [671]
11:51:51 [Debug] Opcode: [527]
11:51:51 [Debug] Opcode: [1058]
11:51:51 [Debug] Opcode: [660]
11:51:52 [Debug] Opcode: [541]
11:51:52 [Debug] Opcode: [541]
11:51:59 [Debug] Opcode: [537]
12:27:01 [Debug] Opcode: [514]
12:27:02 [Debug] Opcode: [259]
12:27:02 [Debug] Opcode: [1058]
12:27:07 [Debug] Opcode: [662]
12:27:07 [Debug] Opcode: [673]
12:27:07 [Debug] Opcode: [676]
12:27:07 [Debug] Opcode: [691]
12:27:07 [Debug] Opcode: [693]
12:27:07 [Debug] Opcode: [523]
12:27:07 [Debug] Opcode: [529]
12:27:07 [Debug] Opcode: [669]
12:27:07 [Debug] Opcode: [525]
12:27:07 [Debug] Opcode: [671]
12:27:07 [Debug] Opcode: [671]
12:27:07 [Debug] Opcode: [671]
12:27:08 [Debug] Opcode: [527]
12:27:08 [Debug] Opcode: [660]
12:27:08 [Debug] Opcode: [1058]
12:27:08 [Debug] Opcode: [541]
12:27:08 [Debug] Opcode: [541]
12:27:24 [Debug] Opcode: [537]
