________________________________________________________________________________
                                                                               
                                                                               
                                POINT BLANK AUTH                               
                                                                               
                                                                               
_______________________________ 13.12.2019 02:14 _______________________________
18:54:31 [Info] Text Encode: Western European (Windows)
18:54:31 [Info] Mode: Test
18:54:31 [Debug] Active Server. (08.06.20 18:54:31)
18:54:34 [Debug] Opcode: [514]
18:54:34 [Debug] Opcode: [2562]
19:14:19 [Debug] Opcode: [514]
19:14:20 [Debug] Opcode: [2562]
19:58:00 [Debug] Opcode: [514]
19:58:01 [Debug] Opcode: [259]
19:58:01 [Debug] Opcode: [1058]
19:58:03 [Debug] Opcode: [662]
19:58:03 [Debug] Opcode: [673]
19:58:03 [Debug] Opcode: [676]
19:58:03 [Debug] Opcode: [691]
19:58:03 [Debug] Opcode: [693]
19:58:03 [Debug] Opcode: [529]
19:58:03 [Debug] Opcode: [523]
19:58:04 [Debug] Opcode: [525]
19:58:04 [Debug] Opcode: [669]
19:58:04 [Debug] Opcode: [671]
19:58:04 [Debug] Opcode: [671]
19:58:04 [Debug] Opcode: [671]
19:58:04 [Debug] Opcode: [527]
19:58:04 [Debug] Opcode: [660]
19:58:04 [Debug] Opcode: [1058]
19:58:04 [Debug] Opcode: [541]
19:58:04 [Debug] Opcode: [541]
19:58:30 [Debug] Opcode: [537]
20:15:57 [Debug] Opcode: [514]
20:15:57 [Debug] Opcode: [259]
20:44:40 [Debug] Opcode: [514]
20:44:41 [Debug] Opcode: [2562]
20:44:42 [Debug] Opcode: [514]
20:44:43 [Debug] Opcode: [2562]
20:44:43 [Debug] Opcode: [514]
20:44:44 [Debug] Opcode: [2562]
