________________________________________________________________________________
                                                                               
                                                                               
                                POINT BLANK AUTH                               
                                                                               
                                                                               
_______________________________ 13.12.2019 02:14 _______________________________
00:31:53 [Info] Text Encode: Western European (Windows)
00:31:53 [Info] Mode: Test
00:31:53 [Debug] Active Server. (08.06.20 00:31:53)
00:36:11 [Debug] Opcode: [514]
00:36:12 [Debug] Opcode: [259]
00:36:12 [Debug] Opcode: [1058]
00:36:15 [Debug] Opcode: [662]
00:36:15 [Debug] Opcode: [673]
00:36:15 [Debug] Opcode: [676]
00:36:15 [Debug] Opcode: [691]
00:36:15 [Debug] Opcode: [693]
00:36:15 [Debug] Opcode: [523]
00:36:16 [Debug] Opcode: [529]
00:36:16 [Debug] Opcode: [669]
00:36:16 [Debug] Opcode: [671]
00:36:16 [Debug] Opcode: [671]
00:36:16 [Debug] Opcode: [671]
00:36:16 [Debug] Opcode: [525]
00:36:17 [Debug] Opcode: [527]
00:36:17 [Debug] Opcode: [660]
00:36:17 [Debug] Opcode: [1058]
00:36:17 [Debug] Opcode: [541]
00:36:17 [Debug] Opcode: [541]
00:36:45 [Debug] Opcode: [537]
00:51:33 [Debug] Opcode: [514]
00:51:33 [Debug] Opcode: [259]
00:51:33 [Debug] Opcode: [1058]
00:51:35 [Debug] Opcode: [662]
00:51:35 [Debug] Opcode: [673]
00:51:35 [Debug] Opcode: [676]
00:51:35 [Debug] Opcode: [691]
00:51:35 [Debug] Opcode: [693]
00:51:35 [Debug] Opcode: [523]
00:51:35 [Debug] Opcode: [529]
00:51:36 [Debug] Opcode: [525]
00:51:36 [Debug] Opcode: [669]
00:51:36 [Debug] Opcode: [671]
00:51:36 [Debug] Opcode: [671]
00:51:36 [Debug] Opcode: [671]
00:51:36 [Debug] Opcode: [527]
00:51:36 [Debug] Opcode: [660]
00:51:36 [Debug] Opcode: [1058]
00:51:36 [Debug] Opcode: [541]
00:51:36 [Debug] Opcode: [541]
00:51:42 [Debug] Opcode: [537]
