________________________________________________________________________________
                                                                               
                                                                               
                                POINT BLANK AUTH                               
                                                                               
                                                                               
_______________________________ 13.12.2019 02:14 _______________________________
01:11:41 [Info] Text Encode: Western European (Windows)
01:11:41 [Info] Mode: Test
01:11:41 [Debug] Active Server. (08.06.20 01:11:41)
01:15:19 [Debug] Opcode: [514]
01:15:20 [Debug] Opcode: [259]
01:15:20 [Debug] Opcode: [1058]
01:15:20 [Debug] Opcode: [1869]
01:15:23 [Debug] Opcode: [662]
01:15:23 [Debug] Opcode: [673]
01:15:23 [Debug] Opcode: [676]
01:15:23 [Debug] Opcode: [691]
01:15:23 [Debug] Opcode: [693]
01:15:23 [Debug] Opcode: [523]
01:15:23 [Debug] Opcode: [529]
01:15:23 [Debug] Opcode: [669]
01:15:23 [Debug] Opcode: [671]
01:15:23 [Debug] Opcode: [671]
01:15:23 [Debug] Opcode: [671]
01:15:23 [Debug] Opcode: [525]
01:15:24 [Debug] Opcode: [527]
01:15:24 [Debug] Opcode: [660]
01:15:24 [Debug] Opcode: [1058]
01:15:24 [Debug] Opcode: [541]
01:15:24 [Debug] Opcode: [541]
01:15:28 [Debug] Opcode: [537]
16:15:36 [Debug] Opcode: [514]
16:15:40 [Debug] Opcode: [259]
16:15:40 [Debug] Opcode: [1058]
16:15:40 [Debug] Opcode: [1869]
16:15:56 [Debug] Opcode: [662]
16:15:56 [Debug] Opcode: [673]
16:15:56 [Debug] Opcode: [676]
16:15:56 [Debug] Opcode: [691]
16:15:56 [Debug] Opcode: [693]
16:15:56 [Debug] Opcode: [529]
16:15:56 [Debug] Opcode: [523]
16:15:57 [Debug] Opcode: [525]
16:15:57 [Debug] Opcode: [669]
16:15:57 [Debug] Opcode: [671]
16:15:57 [Debug] Opcode: [671]
16:15:57 [Debug] Opcode: [671]
16:16:00 [Debug] Opcode: [527]
16:16:00 [Debug] Opcode: [660]
16:16:00 [Debug] Opcode: [1058]
16:16:00 [Debug] Opcode: [541]
16:16:00 [Debug] Opcode: [541]
16:16:06 [Debug] Opcode: [537]
18:19:02 [Debug] Opcode: [514]
18:19:03 [Debug] Opcode: [2562]
18:19:04 [Debug] Opcode: [514]
18:19:05 [Debug] Opcode: [2562]
18:21:45 [Debug] Opcode: [514]
18:21:45 [Debug] Opcode: [2562]
18:21:46 [Debug] Opcode: [514]
18:21:47 [Debug] Opcode: [2562]
18:21:47 [Debug] Opcode: [514]
18:21:48 [Debug] Opcode: [2562]
18:21:48 [Debug] Opcode: [514]
18:21:49 [Debug] Opcode: [2562]
