________________________________________________________________________________
                                                                               
                                                                               
                                POINT BLANK AUTH                               
                                                                               
                                                                               
_______________________________ 13.12.2019 02:14 _______________________________
23:25:50 [Info] Text Encode: Western European (Windows)
23:25:50 [Info] Mode: Test
23:25:50 [Debug] Active Server. (07.06.20 23:25:50)
23:29:03 [Debug] Opcode: [514]
23:29:03 [Debug] Opcode: [259]
23:29:03 [Debug] Opcode: [1058]
23:29:06 [Debug] Opcode: [662]
23:29:06 [Debug] Opcode: [673]
23:29:06 [Debug] Opcode: [676]
23:29:06 [Debug] Opcode: [691]
23:29:06 [Debug] Opcode: [693]
23:29:06 [Debug] Opcode: [523]
23:29:06 [Debug] Opcode: [529]
23:29:06 [Debug] Opcode: [669]
23:29:06 [Debug] Opcode: [671]
23:29:06 [Debug] Opcode: [671]
23:29:06 [Debug] Opcode: [671]
23:29:06 [Debug] Opcode: [525]
23:29:07 [Debug] Opcode: [527]
23:29:07 [Debug] Opcode: [660]
23:29:07 [Debug] Opcode: [1058]
23:29:07 [Debug] Opcode: [541]
23:29:07 [Debug] Opcode: [541]
23:29:14 [Debug] Opcode: [537]
23:34:14 [Debug] Opcode: [514]
23:34:14 [Debug] Opcode: [259]
