________________________________________________________________________________
                                                                               
                                                                               
                                POINT BLANK AUTH                               
                                                                               
                                                                               
_______________________________ 13.12.2019 02:14 _______________________________
17:01:34 [Info] Text Encode: Western European (Windows)
17:01:34 [Info] Mode: Public
17:01:34 [Debug] Active Server. (12.06.20 17:01:34)
21:19:05 [Warning] [AccountManager.CreateAccount] Npgsql.PostgresException (0x80004005): 23502: null value in column "cad_ip" violates not-null constraint
   at Npgsql.NpgsqlConnector.<>c__DisplayClass161_0.<<ReadMessage>g__ReadMessageLong|0>d.MoveNext()
--- End of stack trace from previous location where exception was thrown ---
   at System.Runtime.ExceptionServices.ExceptionDispatchInfo.Throw()
   at Npgsql.NpgsqlConnector.<>c__DisplayClass161_0.<<ReadMessage>g__ReadMessageLong|0>d.MoveNext()
--- End of stack trace from previous location where exception was thrown ---
   at System.Runtime.ExceptionServices.ExceptionDispatchInfo.Throw()
   at Npgsql.NpgsqlDataReader.<NextResult>d__46.MoveNext()
--- End of stack trace from previous location where exception was thrown ---
   at System.Runtime.ExceptionServices.ExceptionDispatchInfo.Throw()
   at System.Runtime.CompilerServices.TaskAwaiter.HandleNonSuccessAndDebuggerNotification(Task task)
   at Npgsql.NpgsqlDataReader.NextResult()
   at Npgsql.NpgsqlCommand.<ExecuteDbDataReader>d__100.MoveNext()
--- End of stack trace from previous location where exception was thrown ---
   at System.Runtime.ExceptionServices.ExceptionDispatchInfo.Throw()
   at System.Runtime.CompilerServices.TaskAwaiter.HandleNonSuccessAndDebuggerNotification(Task task)
   at Npgsql.NpgsqlCommand.<ExecuteNonQuery>d__92.MoveNext()
--- End of stack trace from previous location where exception was thrown ---
   at System.Runtime.ExceptionServices.ExceptionDispatchInfo.Throw()
   at System.Runtime.CompilerServices.TaskAwaiter.HandleNonSuccessAndDebuggerNotification(Task task)
   at Npgsql.NpgsqlCommand.ExecuteNonQuery()
   at PointBlank.Auth.Data.Managers.AccountManager.CreateAccount(Account& p, String Token)
21:37:36 [Warning] [AccountManager.CreateAccount] Npgsql.PostgresException (0x80004005): 23502: null value in column "cad_ip" violates not-null constraint
   at Npgsql.NpgsqlConnector.<>c__DisplayClass161_0.<<ReadMessage>g__ReadMessageLong|0>d.MoveNext()
--- End of stack trace from previous location where exception was thrown ---
   at System.Runtime.ExceptionServices.ExceptionDispatchInfo.Throw()
   at Npgsql.NpgsqlConnector.<>c__DisplayClass161_0.<<ReadMessage>g__ReadMessageLong|0>d.MoveNext()
--- End of stack trace from previous location where exception was thrown ---
   at System.Runtime.ExceptionServices.ExceptionDispatchInfo.Throw()
   at Npgsql.NpgsqlDataReader.<NextResult>d__46.MoveNext()
--- End of stack trace from previous location where exception was thrown ---
   at System.Runtime.ExceptionServices.ExceptionDispatchInfo.Throw()
   at System.Runtime.CompilerServices.TaskAwaiter.HandleNonSuccessAndDebuggerNotification(Task task)
   at Npgsql.NpgsqlDataReader.NextResult()
   at Npgsql.NpgsqlCommand.<ExecuteDbDataReader>d__100.MoveNext()
--- End of stack trace from previous location where exception was thrown ---
   at System.Runtime.ExceptionServices.ExceptionDispatchInfo.Throw()
   at System.Runtime.CompilerServices.TaskAwaiter.HandleNonSuccessAndDebuggerNotification(Task task)
   at Npgsql.NpgsqlCommand.<ExecuteNonQuery>d__92.MoveNext()
--- End of stack trace from previous location where exception was thrown ---
   at System.Runtime.ExceptionServices.ExceptionDispatchInfo.Throw()
   at System.Runtime.CompilerServices.TaskAwaiter.HandleNonSuccessAndDebuggerNotification(Task task)
   at Npgsql.NpgsqlCommand.ExecuteNonQuery()
   at PointBlank.Auth.Data.Managers.AccountManager.CreateAccount(Account& p, String Token)
